<?xml version="1.0" encoding="UTF-8"?>
<!-- Generated by org.testng.reporters.JUnitReportReporter -->
<testsuite skipped="0" hostname="Home" name="com.crm.qa.testcases.LoginPageTest" tests="3" failures="0" timestamp="2021-08-06T11:09:00 CDT" time="21.073" errors="0">
  <testcase name="crmlogoImageTest" time="5.381" classname="com.crm.qa.testcases.LoginPageTest"/>
  <system-out/>
  <testcase name="Logintest" time="10.492" classname="com.crm.qa.testcases.LoginPageTest"/>
  <system-out/>
  <testcase name="loginPageTitleTest" time="5.200" classname="com.crm.qa.testcases.LoginPageTest"/>
  <system-out/>
</testsuite> <!-- com.crm.qa.testcases.LoginPageTest -->
