<?xml version="1.0" encoding="UTF-8"?>
<!-- Generated by org.testng.reporters.JUnitReportReporter -->
<testsuite skipped="0" hostname="Home" name="com.crm.qa.testcases.HomePageTest" tests="3" failures="0" timestamp="2021-08-06T11:09:00 CDT" time="24.745" errors="0">
  <testcase name="validateHomePageTitleTest" time="7.573" classname="com.crm.qa.testcases.HomePageTest"/>
  <system-out/>
  <testcase name="validateUserLabelTest" time="7.898" classname="com.crm.qa.testcases.HomePageTest"/>
  <system-out/>
  <testcase name="validateContactsTabTest" time="9.274" classname="com.crm.qa.testcases.HomePageTest"/>
  <system-out/>
</testsuite> <!-- com.crm.qa.testcases.HomePageTest -->
